<?xml version="1.0" encoding="UTF-8"?>
<!-- Generated by org.testng.reporters.JUnitXMLReporter -->
<testsuite hostname="DESKTOP-BMSFG04" ignored="0" name="Test" tests="3" failures="0" timestamp="2022-11-16T12:09:35 IST" time="91.33" errors="0">
  <testcase name="textValidLogin" time="3.872" classname="testpackage.TestActiTimeValidLogin"/>
  <testcase name="logout" time="7.188" classname="testpackage.TestActiTimeLogout"/>
  <testcase name="invalidLoginToActiTime" time="28.19" classname="testpackage.TestActiTimeInvalidLogin"/>
</testsuite> <!-- Test -->
