<?xml version="1.0" encoding="UTF-8"?>
<testng-results skipped="0" failed="0" ignored="0" total="3" passed="3">
  <reporter-output>
    <line>
      <![CDATA[The test has been Started]]>
    </line>
    <line>
      <![CDATA[The test has been Started]]>
    </line>
    <line>
      <![CDATA[The test has been Started]]>
    </line>
  </reporter-output>
  <suite name="Suite" duration-ms="91330" started-at="2022-11-16T12:08:03 IST" finished-at="2022-11-16T12:09:35 IST">
    <groups>
    </groups>
    <test name="Test" duration-ms="91330" started-at="2022-11-16T12:08:03 IST" finished-at="2022-11-16T12:09:35 IST">
      <class name="testpackage.TestActiTimeInvalidLogin">
        <test-method status="PASS" signature="setUp()[pri:0, instance:testpackage.TestActiTimeInvalidLogin@d2fa64]" name="setUp" is-config="true" duration-ms="7496" started-at="2022-11-16T12:08:58 IST" finished-at="2022-11-16T12:09:05 IST">
          <reporter-output>
          </reporter-output>
        </test-method> <!-- setUp -->
        <test-method status="PASS" signature="invalidLoginToActiTime()[pri:0, instance:testpackage.TestActiTimeInvalidLogin@d2fa64]" name="invalidLoginToActiTime" duration-ms="28190" started-at="2022-11-16T12:09:05 IST" finished-at="2022-11-16T12:09:33 IST">
          <reporter-output>
            <line>
              <![CDATA[The test has been Started]]>
            </line>
          </reporter-output>
        </test-method> <!-- invalidLoginToActiTime -->
        <test-method status="PASS" signature="tearDown()[pri:0, instance:testpackage.TestActiTimeInvalidLogin@d2fa64]" name="tearDown" is-config="true" duration-ms="1352" started-at="2022-11-16T12:09:33 IST" finished-at="2022-11-16T12:09:35 IST">
          <reporter-output>
          </reporter-output>
        </test-method> <!-- tearDown -->
      </class> <!-- testpackage.TestActiTimeInvalidLogin -->
      <class name="testpackage.TestActiTimeValidLogin">
        <test-method status="PASS" signature="setUp()[pri:0, instance:testpackage.TestActiTimeValidLogin@32c52b]" name="setUp" is-config="true" duration-ms="25240" started-at="2022-11-16T12:08:03 IST" finished-at="2022-11-16T12:08:29 IST">
          <reporter-output>
          </reporter-output>
        </test-method> <!-- setUp -->
        <test-method status="PASS" signature="textValidLogin()[pri:0, instance:testpackage.TestActiTimeValidLogin@32c52b]" name="textValidLogin" duration-ms="3872" started-at="2022-11-16T12:08:29 IST" finished-at="2022-11-16T12:08:33 IST">
          <reporter-output>
            <line>
              <![CDATA[The test has been Started]]>
            </line>
          </reporter-output>
        </test-method> <!-- textValidLogin -->
        <test-method status="PASS" signature="tearDown()[pri:0, instance:testpackage.TestActiTimeValidLogin@32c52b]" name="tearDown" is-config="true" duration-ms="4829" started-at="2022-11-16T12:08:33 IST" finished-at="2022-11-16T12:08:37 IST">
          <reporter-output>
          </reporter-output>
        </test-method> <!-- tearDown -->
      </class> <!-- testpackage.TestActiTimeValidLogin -->
      <class name="testpackage.TestActiTimeLogout">
        <test-method status="PASS" signature="setUp()[pri:0, instance:testpackage.TestActiTimeLogout@16e852b]" name="setUp" is-config="true" duration-ms="12091" started-at="2022-11-16T12:08:37 IST" finished-at="2022-11-16T12:08:49 IST">
          <reporter-output>
          </reporter-output>
        </test-method> <!-- setUp -->
        <test-method status="PASS" signature="logout()[pri:0, instance:testpackage.TestActiTimeLogout@16e852b]" name="logout" duration-ms="7188" started-at="2022-11-16T12:08:49 IST" finished-at="2022-11-16T12:08:57 IST">
          <reporter-output>
            <line>
              <![CDATA[The test has been Started]]>
            </line>
          </reporter-output>
        </test-method> <!-- logout -->
        <test-method status="PASS" signature="tearDown()[pri:0, instance:testpackage.TestActiTimeLogout@16e852b]" name="tearDown" is-config="true" duration-ms="959" started-at="2022-11-16T12:08:57 IST" finished-at="2022-11-16T12:08:58 IST">
          <reporter-output>
          </reporter-output>
        </test-method> <!-- tearDown -->
      </class> <!-- testpackage.TestActiTimeLogout -->
    </test> <!-- Test -->
  </suite> <!-- Suite -->
</testng-results>
